nohup: ignoring input
Starting the binary classification training task...
Epoch 0 loss: 0.7123
Epoch 100 loss: 0.7077
Epoch 200 loss: 0.7039
Epoch 300 loss: 0.7006
Epoch 400 loss: 0.6976
Epoch 500 loss: 0.6948
Epoch 600 loss: 0.6922
Epoch 700 loss: 0.6897
Epoch 800 loss: 0.6873
Epoch 900 loss: 0.6850
Epoch 1000 loss: 0.6827
Epoch 1100 loss: 0.6805
Epoch 1200 loss: 0.6784
Epoch 1300 loss: 0.6763
Epoch 1400 loss: 0.6742
Epoch 1500 loss: 0.6721
Epoch 1600 loss: 0.6701
Epoch 1700 loss: 0.6681
Epoch 1800 loss: 0.6661
Epoch 1900 loss: 0.6641
Epoch 2000 loss: 0.6621
Epoch 2100 loss: 0.6601
Epoch 2200 loss: 0.6581
Epoch 2300 loss: 0.6560
Epoch 2400 loss: 0.6540
Epoch 2500 loss: 0.6519
Epoch 2600 loss: 0.6498
Epoch 2700 loss: 0.6477
Epoch 2800 loss: 0.6455
Epoch 2900 loss: 0.6433
Epoch 3000 loss: 0.6411
Epoch 3100 loss: 0.6388
Epoch 3200 loss: 0.6365
Epoch 3300 loss: 0.6341
Epoch 3400 loss: 0.6317
Epoch 3500 loss: 0.6292
Epoch 3600 loss: 0.6266
Epoch 3700 loss: 0.6240
Epoch 3800 loss: 0.6213
Epoch 3900 loss: 0.6186
Epoch 4000 loss: 0.6157
Epoch 4100 loss: 0.6128
Epoch 4200 loss: 0.6098
Epoch 4300 loss: 0.6068
Epoch 4400 loss: 0.6036
Epoch 4500 loss: 0.6004
Epoch 4600 loss: 0.5970
Epoch 4700 loss: 0.5936
Epoch 4800 loss: 0.5901
Epoch 4900 loss: 0.5864
Epoch 5000 loss: 0.5827
Epoch 5100 loss: 0.5789
Epoch 5200 loss: 0.5749
Epoch 5300 loss: 0.5709
Epoch 5400 loss: 0.5667
Epoch 5500 loss: 0.5625
Epoch 5600 loss: 0.5581
Epoch 5700 loss: 0.5536
Epoch 5800 loss: 0.5491
Epoch 5900 loss: 0.5444
Epoch 6000 loss: 0.5395
Epoch 6100 loss: 0.5346
Epoch 6200 loss: 0.5296
Epoch 6300 loss: 0.5245
Epoch 6400 loss: 0.5192
Epoch 6500 loss: 0.5139
Epoch 6600 loss: 0.5084
Epoch 6700 loss: 0.5029
Epoch 6800 loss: 0.4973
Epoch 6900 loss: 0.4915
Epoch 7000 loss: 0.4857
Epoch 7100 loss: 0.4798
Epoch 7200 loss: 0.4738
Epoch 7300 loss: 0.4678
Epoch 7400 loss: 0.4617
Epoch 7500 loss: 0.4555
Epoch 7600 loss: 0.4493
Epoch 7700 loss: 0.4430
Epoch 7800 loss: 0.4367
Epoch 7900 loss: 0.4304
Epoch 8000 loss: 0.4240
Epoch 8100 loss: 0.4176
Epoch 8200 loss: 0.4112
Epoch 8300 loss: 0.4048
Epoch 8400 loss: 0.3983
Epoch 8500 loss: 0.3919
Epoch 8600 loss: 0.3855
Epoch 8700 loss: 0.3791
Epoch 8800 loss: 0.3728
Epoch 8900 loss: 0.3665
Epoch 9000 loss: 0.3602
Epoch 9100 loss: 0.3540
Epoch 9200 loss: 0.3478
Epoch 9300 loss: 0.3417
Epoch 9400 loss: 0.3356
Epoch 9500 loss: 0.3296
Epoch 9600 loss: 0.3237
Epoch 9700 loss: 0.3178
Epoch 9800 loss: 0.3121
Epoch 9900 loss: 0.3064
Epoch 10000 loss: 0.3008
Epoch 10100 loss: 0.2953
Epoch 10200 loss: 0.2899
Epoch 10300 loss: 0.2846
Epoch 10400 loss: 0.2794
Epoch 10500 loss: 0.2743
Epoch 10600 loss: 0.2692
Epoch 10700 loss: 0.2643
Epoch 10800 loss: 0.2595
Epoch 10900 loss: 0.2548
Epoch 11000 loss: 0.2502
Epoch 11100 loss: 0.2457
Epoch 11200 loss: 0.2414
Epoch 11300 loss: 0.2371
Epoch 11400 loss: 0.2329
Epoch 11500 loss: 0.2288
Epoch 11600 loss: 0.2248
Epoch 11700 loss: 0.2210
Epoch 11800 loss: 0.2172
Epoch 11900 loss: 0.2135
Epoch 12000 loss: 0.2099
Epoch 12100 loss: 0.2065
Epoch 12200 loss: 0.2031
Epoch 12300 loss: 0.1998
Epoch 12400 loss: 0.1966
Epoch 12500 loss: 0.1935
Epoch 12600 loss: 0.1904
Epoch 12700 loss: 0.1875
Epoch 12800 loss: 0.1846
Epoch 12900 loss: 0.1818
Epoch 13000 loss: 0.1791
Epoch 13100 loss: 0.1765
Epoch 13200 loss: 0.1739
Epoch 13300 loss: 0.1714
Epoch 13400 loss: 0.1690
Epoch 13500 loss: 0.1667
Epoch 13600 loss: 0.1644
Epoch 13700 loss: 0.1622
Epoch 13800 loss: 0.1600
Epoch 13900 loss: 0.1579
Epoch 14000 loss: 0.1558
Epoch 14100 loss: 0.1539
Epoch 14200 loss: 0.1519
Epoch 14300 loss: 0.1500
Epoch 14400 loss: 0.1482
Epoch 14500 loss: 0.1464
Epoch 14600 loss: 0.1447
Epoch 14700 loss: 0.1430
Epoch 14800 loss: 0.1413
Epoch 14900 loss: 0.1397
Epoch 15000 loss: 0.1382
Epoch 15100 loss: 0.1366
Epoch 15200 loss: 0.1352
Epoch 15300 loss: 0.1337
Epoch 15400 loss: 0.1323
Epoch 15500 loss: 0.1309
Epoch 15600 loss: 0.1296
Epoch 15700 loss: 0.1282
Epoch 15800 loss: 0.1270
Epoch 15900 loss: 0.1257
Epoch 16000 loss: 0.1245
Epoch 16100 loss: 0.1233
Epoch 16200 loss: 0.1221
Epoch 16300 loss: 0.1209
Epoch 16400 loss: 0.1198
Epoch 16500 loss: 0.1187
Epoch 16600 loss: 0.1177
Epoch 16700 loss: 0.1166
Epoch 16800 loss: 0.1156
Epoch 16900 loss: 0.1146
Epoch 17000 loss: 0.1136
Epoch 17100 loss: 0.1126
Epoch 17200 loss: 0.1117
Epoch 17300 loss: 0.1107
Epoch 17400 loss: 0.1098
Epoch 17500 loss: 0.1089
Epoch 17600 loss: 0.1081
Epoch 17700 loss: 0.1072
Epoch 17800 loss: 0.1063
Epoch 17900 loss: 0.1055
Epoch 18000 loss: 0.1047
Epoch 18100 loss: 0.1039
Epoch 18200 loss: 0.1031
Epoch 18300 loss: 0.1024
Epoch 18400 loss: 0.1016
Epoch 18500 loss: 0.1009
Epoch 18600 loss: 0.1001
Epoch 18700 loss: 0.0994
Epoch 18800 loss: 0.0987
Epoch 18900 loss: 0.0980
Epoch 19000 loss: 0.0973
Epoch 19100 loss: 0.0967
Epoch 19200 loss: 0.0960
Epoch 19300 loss: 0.0953
Epoch 19400 loss: 0.0947
Epoch 19500 loss: 0.0941
Epoch 19600 loss: 0.0935
Epoch 19700 loss: 0.0929
Epoch 19800 loss: 0.0923
Epoch 19900 loss: 0.0917
Epoch 20000 loss: 0.0911
Epoch 20100 loss: 0.0905
Epoch 20200 loss: 0.0899
Epoch 20300 loss: 0.0894
Epoch 20400 loss: 0.0888
Epoch 20500 loss: 0.0883
Epoch 20600 loss: 0.0878
Epoch 20700 loss: 0.0872
Epoch 20800 loss: 0.0867
Epoch 20900 loss: 0.0862
Epoch 21000 loss: 0.0857
Epoch 21100 loss: 0.0852
Epoch 21200 loss: 0.0847
Epoch 21300 loss: 0.0842
Epoch 21400 loss: 0.0838
Epoch 21500 loss: 0.0833
Epoch 21600 loss: 0.0828
Epoch 21700 loss: 0.0824
Epoch 21800 loss: 0.0819
Epoch 21900 loss: 0.0815
Epoch 22000 loss: 0.0810
Epoch 22100 loss: 0.0806
Epoch 22200 loss: 0.0802
Epoch 22300 loss: 0.0798
Epoch 22400 loss: 0.0793
Epoch 22500 loss: 0.0789
Epoch 22600 loss: 0.0785
Epoch 22700 loss: 0.0781
Epoch 22800 loss: 0.0777
Epoch 22900 loss: 0.0773
Epoch 23000 loss: 0.0770
Epoch 23100 loss: 0.0766
Epoch 23200 loss: 0.0762
Epoch 23300 loss: 0.0758
Epoch 23400 loss: 0.0754
Epoch 23500 loss: 0.0751
Epoch 23600 loss: 0.0747
Epoch 23700 loss: 0.0744
Epoch 23800 loss: 0.0740
Epoch 23900 loss: 0.0737
Epoch 24000 loss: 0.0733
Epoch 24100 loss: 0.0730
Epoch 24200 loss: 0.0726
Epoch 24300 loss: 0.0723
Epoch 24400 loss: 0.0720
Epoch 24500 loss: 0.0717
Epoch 24600 loss: 0.0713
Epoch 24700 loss: 0.0710
Epoch 24800 loss: 0.0707
Epoch 24900 loss: 0.0704
Epoch 25000 loss: 0.0701
Epoch 25100 loss: 0.0698
Epoch 25200 loss: 0.0695
Epoch 25300 loss: 0.0692
Epoch 25400 loss: 0.0689
Epoch 25500 loss: 0.0686
Epoch 25600 loss: 0.0683
Epoch 25700 loss: 0.0680
Epoch 25800 loss: 0.0677
Epoch 25900 loss: 0.0674
Epoch 26000 loss: 0.0672
Epoch 26100 loss: 0.0669
Epoch 26200 loss: 0.0666
Epoch 26300 loss: 0.0663
Epoch 26400 loss: 0.0661
Epoch 26500 loss: 0.0658
Epoch 26600 loss: 0.0656
Epoch 26700 loss: 0.0653
Epoch 26800 loss: 0.0650
Epoch 26900 loss: 0.0648
Epoch 27000 loss: 0.0645
Epoch 27100 loss: 0.0643
Epoch 27200 loss: 0.0640
Epoch 27300 loss: 0.0638
Epoch 27400 loss: 0.0635
Epoch 27500 loss: 0.0633
Epoch 27600 loss: 0.0631
Epoch 27700 loss: 0.0628
Epoch 27800 loss: 0.0626
Epoch 27900 loss: 0.0624
Epoch 28000 loss: 0.0621
Epoch 28100 loss: 0.0619
Epoch 28200 loss: 0.0617
Epoch 28300 loss: 0.0615
Epoch 28400 loss: 0.0612
Epoch 28500 loss: 0.0610
Epoch 28600 loss: 0.0608
Epoch 28700 loss: 0.0606
Epoch 28800 loss: 0.0604
Epoch 28900 loss: 0.0602
Epoch 29000 loss: 0.0599
Epoch 29100 loss: 0.0597
Epoch 29200 loss: 0.0595
Epoch 29300 loss: 0.0593
Epoch 29400 loss: 0.0591
Epoch 29500 loss: 0.0589
Epoch 29600 loss: 0.0587
Epoch 29700 loss: 0.0585
Epoch 29800 loss: 0.0583
Epoch 29900 loss: 0.0581
Epoch 30000 loss: 0.0579
Epoch 30100 loss: 0.0577
Epoch 30200 loss: 0.0576
Epoch 30300 loss: 0.0574
Epoch 30400 loss: 0.0572
Epoch 30500 loss: 0.0570
Epoch 30600 loss: 0.0568
Epoch 30700 loss: 0.0566
Epoch 30800 loss: 0.0564
Epoch 30900 loss: 0.0563
Epoch 31000 loss: 0.0561
Epoch 31100 loss: 0.0559
Epoch 31200 loss: 0.0557
Epoch 31300 loss: 0.0556
Epoch 31400 loss: 0.0554
Epoch 31500 loss: 0.0552
Epoch 31600 loss: 0.0550
Epoch 31700 loss: 0.0549
Epoch 31800 loss: 0.0547
Epoch 31900 loss: 0.0545
Epoch 32000 loss: 0.0544
Epoch 32100 loss: 0.0542
Epoch 32200 loss: 0.0541
Epoch 32300 loss: 0.0539
Epoch 32400 loss: 0.0537
Epoch 32500 loss: 0.0536
Epoch 32600 loss: 0.0534
Epoch 32700 loss: 0.0533
Epoch 32800 loss: 0.0531
Epoch 32900 loss: 0.0529
Epoch 33000 loss: 0.0528
Epoch 33100 loss: 0.0526
Epoch 33200 loss: 0.0525
Epoch 33300 loss: 0.0523
Epoch 33400 loss: 0.0522
Epoch 33500 loss: 0.0520
Epoch 33600 loss: 0.0519
Epoch 33700 loss: 0.0517
Epoch 33800 loss: 0.0516
Epoch 33900 loss: 0.0515
Epoch 34000 loss: 0.0513
Epoch 34100 loss: 0.0512
Epoch 34200 loss: 0.0510
Epoch 34300 loss: 0.0509
Epoch 34400 loss: 0.0507
Epoch 34500 loss: 0.0506
Epoch 34600 loss: 0.0505
Epoch 34700 loss: 0.0503
Epoch 34800 loss: 0.0502
Epoch 34900 loss: 0.0501
Epoch 35000 loss: 0.0499
Epoch 35100 loss: 0.0498
Epoch 35200 loss: 0.0497
Epoch 35300 loss: 0.0495
Epoch 35400 loss: 0.0494
Epoch 35500 loss: 0.0493
Epoch 35600 loss: 0.0491
Epoch 35700 loss: 0.0490
Epoch 35800 loss: 0.0489
Epoch 35900 loss: 0.0488
Epoch 36000 loss: 0.0486
Epoch 36100 loss: 0.0485
Epoch 36200 loss: 0.0484
Epoch 36300 loss: 0.0483
Epoch 36400 loss: 0.0481
Epoch 36500 loss: 0.0480
Epoch 36600 loss: 0.0479
Epoch 36700 loss: 0.0478
Epoch 36800 loss: 0.0477
Epoch 36900 loss: 0.0475
Epoch 37000 loss: 0.0474
Epoch 37100 loss: 0.0473
Epoch 37200 loss: 0.0472
Epoch 37300 loss: 0.0471
Epoch 37400 loss: 0.0470
Epoch 37500 loss: 0.0468
Epoch 37600 loss: 0.0467
Epoch 37700 loss: 0.0466
Epoch 37800 loss: 0.0465
Epoch 37900 loss: 0.0464
Epoch 38000 loss: 0.0463
Epoch 38100 loss: 0.0462
Epoch 38200 loss: 0.0461
Epoch 38300 loss: 0.0460
Epoch 38400 loss: 0.0458
Epoch 38500 loss: 0.0457
Epoch 38600 loss: 0.0456
Epoch 38700 loss: 0.0455
Epoch 38800 loss: 0.0454
Epoch 38900 loss: 0.0453
Epoch 39000 loss: 0.0452
Epoch 39100 loss: 0.0451
Epoch 39200 loss: 0.0450
Epoch 39300 loss: 0.0449
Epoch 39400 loss: 0.0448
Epoch 39500 loss: 0.0447
Epoch 39600 loss: 0.0446
Epoch 39700 loss: 0.0445
Epoch 39800 loss: 0.0444
Epoch 39900 loss: 0.0443
Epoch 40000 loss: 0.0442
Epoch 40100 loss: 0.0441
Epoch 40200 loss: 0.0440
Epoch 40300 loss: 0.0439
Epoch 40400 loss: 0.0438
Epoch 40500 loss: 0.0437
Epoch 40600 loss: 0.0436
Epoch 40700 loss: 0.0435
Epoch 40800 loss: 0.0434
Epoch 40900 loss: 0.0433
Epoch 41000 loss: 0.0432
Epoch 41100 loss: 0.0431
Epoch 41200 loss: 0.0430
Epoch 41300 loss: 0.0430
Epoch 41400 loss: 0.0429
Epoch 41500 loss: 0.0428
Epoch 41600 loss: 0.0427
Epoch 41700 loss: 0.0426
Epoch 41800 loss: 0.0425
Epoch 41900 loss: 0.0424
Epoch 42000 loss: 0.0423
Epoch 42100 loss: 0.0422
Epoch 42200 loss: 0.0421
Epoch 42300 loss: 0.0421
Epoch 42400 loss: 0.0420
Epoch 42500 loss: 0.0419
Epoch 42600 loss: 0.0418
Epoch 42700 loss: 0.0417
Epoch 42800 loss: 0.0416
Epoch 42900 loss: 0.0415
Epoch 43000 loss: 0.0415
Epoch 43100 loss: 0.0414
Epoch 43200 loss: 0.0413
Epoch 43300 loss: 0.0412
Epoch 43400 loss: 0.0411
Epoch 43500 loss: 0.0410
Epoch 43600 loss: 0.0410
Epoch 43700 loss: 0.0409
Epoch 43800 loss: 0.0408
Epoch 43900 loss: 0.0407
Epoch 44000 loss: 0.0406
Epoch 44100 loss: 0.0406
Epoch 44200 loss: 0.0405
Epoch 44300 loss: 0.0404
Epoch 44400 loss: 0.0403
Epoch 44500 loss: 0.0402
Epoch 44600 loss: 0.0402
Epoch 44700 loss: 0.0401
Epoch 44800 loss: 0.0400
Epoch 44900 loss: 0.0399
Epoch 45000 loss: 0.0399
Epoch 45100 loss: 0.0398
Epoch 45200 loss: 0.0397
Epoch 45300 loss: 0.0396
Epoch 45400 loss: 0.0396
Epoch 45500 loss: 0.0395
Epoch 45600 loss: 0.0394
Epoch 45700 loss: 0.0393
Epoch 45800 loss: 0.0393
Epoch 45900 loss: 0.0392
Epoch 46000 loss: 0.0391
Epoch 46100 loss: 0.0390
Epoch 46200 loss: 0.0390
Epoch 46300 loss: 0.0389
Epoch 46400 loss: 0.0388
Epoch 46500 loss: 0.0387
Epoch 46600 loss: 0.0387
Epoch 46700 loss: 0.0386
Epoch 46800 loss: 0.0385
Epoch 46900 loss: 0.0385
Epoch 47000 loss: 0.0384
Epoch 47100 loss: 0.0383
Epoch 47200 loss: 0.0383
Epoch 47300 loss: 0.0382
Epoch 47400 loss: 0.0381
Epoch 47500 loss: 0.0381
Epoch 47600 loss: 0.0380
Epoch 47700 loss: 0.0379
Epoch 47800 loss: 0.0378
Epoch 47900 loss: 0.0378
Epoch 48000 loss: 0.0377
Epoch 48100 loss: 0.0376
Epoch 48200 loss: 0.0376
Epoch 48300 loss: 0.0375
Epoch 48400 loss: 0.0374
Epoch 48500 loss: 0.0374
Epoch 48600 loss: 0.0373
Epoch 48700 loss: 0.0373
Epoch 48800 loss: 0.0372
Epoch 48900 loss: 0.0371
Epoch 49000 loss: 0.0371
Epoch 49100 loss: 0.0370
Epoch 49200 loss: 0.0369
Epoch 49300 loss: 0.0369
Epoch 49400 loss: 0.0368
Epoch 49500 loss: 0.0367
Epoch 49600 loss: 0.0367
Epoch 49700 loss: 0.0366
Epoch 49800 loss: 0.0366
Epoch 49900 loss: 0.0365
Training complete.
Process finished at Tue Jan 27 05:00:33 PM CST 2026
